#
# There is insufficient memory for the Java Runtime Environment to continue.
# Native memory allocation (mmap) failed to map 22544384 bytes for committing reserved memory.
# Possible reasons:
#   The system is out of physical RAM or swap space
#   In 32 bit mode, the process size limit was hit
# Possible solutions:
#   Reduce memory load on the system
#   Increase physical memory or swap space
#   Check if swap backing store is full
#   Use 64 bit Java on a 64 bit OS
#   Decrease Java heap size (-Xmx/-Xms)
#   Decrease number of Java threads
#   Decrease Java thread stack sizes (-Xss)
#   Set larger code cache with -XX:ReservedCodeCacheSize=
# This output file may be truncated or incomplete.
#
#  Out of Memory Error (os_linux.cpp:2630), pid=23152, tid=0x00007fdddeb29700
#
# JRE version:  (8.0_111-b14) (build )
# Java VM: OpenJDK 64-Bit Server VM (25.111-b14 mixed mode linux-amd64 compressed oops)
# Failed to write core dump. Core dumps have been disabled. To enable core dumping, try "ulimit -c unlimited" before starting Java again
#

---------------  T H R E A D  ---------------

Current thread (0x00007fddd800a000):  JavaThread "Unknown thread" [_thread_in_vm, id=23156, stack(0x00007fdddea29000,0x00007fdddeb2a000)]

Stack: [0x00007fdddea29000,0x00007fdddeb2a000],  sp=0x00007fdddeb28630,  free space=1021k
Native frames: (J=compiled Java code, j=interpreted, Vv=VM code, C=native code)
V  [libjvm.so+0xa64d2b]
V  [libjvm.so+0x4c2dac]
V  [libjvm.so+0x8b3ba0]
V  [libjvm.so+0x8ae01e]
V  [libjvm.so+0x9288f6]
V  [libjvm.so+0x9193d3]
V  [libjvm.so+0x2ad1b1]
V  [libjvm.so+0x8d8ec9]
V  [libjvm.so+0xa286f9]
V  [libjvm.so+0xa28942]
V  [libjvm.so+0x60d6af]
V  [libjvm.so+0xa0dcea]
V  [libjvm.so+0x687952]  JNI_CreateJavaVM+0x62
C  [libjli.so+0x2f2e]
C  [libjli.so+0x73dd]
C  [libpthread.so.0+0x76fa]  start_thread+0xca


---------------  P R O C E S S  ---------------

Java Threads: ( => current thread )

Other Threads:

=>0x00007fddd800a000 (exited) JavaThread "Unknown thread" [_thread_in_vm, id=23156, stack(0x00007fdddea29000,0x00007fdddeb2a000)]

VM state:not at safepoint (not fully initialized)

VM Mutex/Monitor currently owned by a thread: None

GC Heap History (0 events):
No events

Deoptimization events (0 events):
No events

Internal exceptions (0 events):
No events

Events (0 events):
No events


Dynamic libraries:
00400000-00401000 r-xp 00000000 08:01 1179784                            /usr/lib/jvm/java-8-openjdk-amd64/jre/bin/java
00600000-00601000 r--p 00000000 08:01 1179784                            /usr/lib/jvm/java-8-openjdk-amd64/jre/bin/java
00601000-00602000 rw-p 00001000 08:01 1179784                            /usr/lib/jvm/java-8-openjdk-amd64/jre/bin/java
021bf000-021e0000 rw-p 00000000 00:00 0                                  [heap]
e1f80000-f5900000 ---p 00000000 00:00 0 
f5900000-f6380000 rw-p 00000000 00:00 0 
f6380000-100000000 ---p 00000000 00:00 0 
7fddc7fc8000-7fddc7fd2000 rw-p 00000000 00:00 0 
7fddc7fd2000-7fddc8388000 ---p 00000000 00:00 0 
7fddc8388000-7fddc85f8000 rwxp 00000000 00:00 0 
7fddc85f8000-7fddd7388000 ---p 00000000 00:00 0 
7fddd7388000-7fddd7390000 r-xp 00000000 08:01 1179686                    /usr/lib/jvm/java-8-openjdk-amd64/jre/lib/amd64/libzip.so
7fddd7390000-7fddd758f000 ---p 00008000 08:01 1179686                    /usr/lib/jvm/java-8-openjdk-amd64/jre/lib/amd64/libzip.so
7fddd758f000-7fddd7590000 r--p 00007000 08:01 1179686                    /usr/lib/jvm/java-8-openjdk-amd64/jre/lib/amd64/libzip.so
7fddd7590000-7fddd7591000 rw-p 00008000 08:01 1179686                    /usr/lib/jvm/java-8-openjdk-amd64/jre/lib/amd64/libzip.so
7fddd7591000-7fddd759c000 r-xp 00000000 08:01 922961                     /lib/x86_64-linux-gnu/libnss_files-2.23.so
7fddd759c000-7fddd779b000 ---p 0000b000 08:01 922961                     /lib/x86_64-linux-gnu/libnss_files-2.23.so
7fddd779b000-7fddd779c000 r--p 0000a000 08:01 922961                     /lib/x86_64-linux-gnu/libnss_files-2.23.so
7fddd779c000-7fddd779d000 rw-p 0000b000 08:01 922961                     /lib/x86_64-linux-gnu/libnss_files-2.23.so
7fddd779d000-7fddd77a3000 rw-p 00000000 00:00 0 
7fddd77a3000-7fddd77ae000 r-xp 00000000 08:01 922971                     /lib/x86_64-linux-gnu/libnss_nis-2.23.so
7fddd77ae000-7fddd79ad000 ---p 0000b000 08:01 922971                     /lib/x86_64-linux-gnu/libnss_nis-2.23.so
7fddd79ad000-7fddd79ae000 r--p 0000a000 08:01 922971                     /lib/x86_64-linux-gnu/libnss_nis-2.23.so
7fddd79ae000-7fddd79af000 rw-p 0000b000 08:01 922971                     /lib/x86_64-linux-gnu/libnss_nis-2.23.so
7fddd79af000-7fddd79c5000 r-xp 00000000 08:01 922955                     /lib/x86_64-linux-gnu/libnsl-2.23.so
7fddd79c5000-7fddd7bc4000 ---p 00016000 08:01 922955                     /lib/x86_64-linux-gnu/libnsl-2.23.so
7fddd7bc4000-7fddd7bc5000 r--p 00015000 08:01 922955                     /lib/x86_64-linux-gnu/libnsl-2.23.so
7fddd7bc5000-7fddd7bc6000 rw-p 00016000 08:01 922955                     /lib/x86_64-linux-gnu/libnsl-2.23.so
7fddd7bc6000-7fddd7bc8000 rw-p 00000000 00:00 0 
7fddd7bc8000-7fddd7bd0000 r-xp 00000000 08:01 922957                     /lib/x86_64-linux-gnu/libnss_compat-2.23.so
7fddd7bd0000-7fddd7dcf000 ---p 00008000 08:01 922957                     /lib/x86_64-linux-gnu/libnss_compat-2.23.so
7fddd7dcf000-7fddd7dd0000 r--p 00007000 08:01 922957                     /lib/x86_64-linux-gnu/libnss_compat-2.23.so
7fddd7dd0000-7fddd7dd1000 rw-p 00008000 08:01 922957                     /lib/x86_64-linux-gnu/libnss_compat-2.23.so
7fddd7dd1000-7fddd7dfe000 r-xp 00000000 08:01 1179679                    /usr/lib/jvm/java-8-openjdk-amd64/jre/lib/amd64/libjava.so
7fddd7dfe000-7fddd7ffd000 ---p 0002d000 08:01 1179679                    /usr/lib/jvm/java-8-openjdk-amd64/jre/lib/amd64/libjava.so
7fddd7ffd000-7fddd7ffe000 r--p 0002c000 08:01 1179679                    /usr/lib/jvm/java-8-openjdk-amd64/jre/lib/amd64/libjava.so
7fddd7ffe000-7fddd8000000 rw-p 0002d000 08:01 1179679                    /usr/lib/jvm/java-8-openjdk-amd64/jre/lib/amd64/libjava.so
7fddd8000000-7fddd8031000 rw-p 00000000 00:00 0 
7fddd8031000-7fdddc000000 ---p 00000000 00:00 0 
7fdddc021000-7fdddc0c8000 ---p 00000000 00:00 0 
7fdddc0c8000-7fdddc0ce000 rw-p 00000000 00:00 0 
7fdddc0ce000-7fdddc11c000 ---p 00000000 00:00 0 
7fdddc11c000-7fdddc11d000 rw-p 00000000 00:00 0 
7fdddc11d000-7fdddc12c000 r-xp 00000000 08:01 1179684                    /usr/lib/jvm/java-8-openjdk-amd64/jre/lib/amd64/libverify.so
7fdddc12c000-7fdddc32b000 ---p 0000f000 08:01 1179684                    /usr/lib/jvm/java-8-openjdk-amd64/jre/lib/amd64/libverify.so
7fdddc32b000-7fdddc32d000 r--p 0000e000 08:01 1179684                    /usr/lib/jvm/java-8-openjdk-amd64/jre/lib/amd64/libverify.so
7fdddc32d000-7fdddc32e000 rw-p 00010000 08:01 1179684                    /usr/lib/jvm/java-8-openjdk-amd64/jre/lib/amd64/libverify.so
7fdddc32e000-7fdddc335000 r-xp 00000000 08:01 923016                     /lib/x86_64-linux-gnu/librt-2.23.so
7fdddc335000-7fdddc534000 ---p 00007000 08:01 923016                     /lib/x86_64-linux-gnu/librt-2.23.so
7fdddc534000-7fdddc535000 r--p 00006000 08:01 923016                     /lib/x86_64-linux-gnu/librt-2.23.so
7fdddc535000-7fdddc536000 rw-p 00007000 08:01 923016                     /lib/x86_64-linux-gnu/librt-2.23.so
7fdddc536000-7fdddc54c000 r-xp 00000000 08:01 922900                     /lib/x86_64-linux-gnu/libgcc_s.so.1
7fdddc54c000-7fdddc74b000 ---p 00016000 08:01 922900                     /lib/x86_64-linux-gnu/libgcc_s.so.1
7fdddc74b000-7fdddc74c000 rw-p 00015000 08:01 922900                     /lib/x86_64-linux-gnu/libgcc_s.so.1
7fdddc74c000-7fdddc854000 r-xp 00000000 08:01 922932                     /lib/x86_64-linux-gnu/libm-2.23.so
7fdddc854000-7fdddca53000 ---p 00108000 08:01 922932                     /lib/x86_64-linux-gnu/libm-2.23.so
7fdddca53000-7fdddca54000 r--p 00107000 08:01 922932                     /lib/x86_64-linux-gnu/libm-2.23.so
7fdddca54000-7fdddca55000 rw-p 00108000 08:01 922932                     /lib/x86_64-linux-gnu/libm-2.23.so
7fdddca55000-7fdddcbc7000 r-xp 00000000 08:01 1292                       /usr/lib/x86_64-linux-gnu/libstdc++.so.6.0.21
7fdddcbc7000-7fdddcdc7000 ---p 00172000 08:01 1292                       /usr/lib/x86_64-linux-gnu/libstdc++.so.6.0.21
7fdddcdc7000-7fdddcdd1000 r--p 00172000 08:01 1292                       /usr/lib/x86_64-linux-gnu/libstdc++.so.6.0.21
7fdddcdd1000-7fdddcdd3000 rw-p 0017c000 08:01 1292                       /usr/lib/x86_64-linux-gnu/libstdc++.so.6.0.21
7fdddcdd3000-7fdddcdd7000 rw-p 00000000 00:00 0 
7fdddcdd7000-7fdddda26000 r-xp 00000000 08:01 1179688                    /usr/lib/jvm/java-8-openjdk-amd64/jre/lib/amd64/server/libjvm.so
7fdddda26000-7fddddc25000 ---p 00c4f000 08:01 1179688                    /usr/lib/jvm/java-8-openjdk-amd64/jre/lib/amd64/server/libjvm.so
7fddddc25000-7fddddcb8000 r--p 00c4e000 08:01 1179688                    /usr/lib/jvm/java-8-openjdk-amd64/jre/lib/amd64/server/libjvm.so
7fddddcb8000-7fddddce1000 rw-p 00ce1000 08:01 1179688                    /usr/lib/jvm/java-8-openjdk-amd64/jre/lib/amd64/server/libjvm.so
7fddddce1000-7fddddd11000 rw-p 00000000 00:00 0 
7fddddd11000-7fddddd29000 r-xp 00000000 08:01 923008                     /lib/x86_64-linux-gnu/libpthread-2.23.so
7fddddd29000-7fddddf28000 ---p 00018000 08:01 923008                     /lib/x86_64-linux-gnu/libpthread-2.23.so
7fddddf28000-7fddddf29000 r--p 00017000 08:01 923008                     /lib/x86_64-linux-gnu/libpthread-2.23.so
7fddddf29000-7fddddf2a000 rw-p 00018000 08:01 923008                     /lib/x86_64-linux-gnu/libpthread-2.23.so
7fddddf2a000-7fddddf2e000 rw-p 00000000 00:00 0 
7fddddf2e000-7fddddf31000 r-xp 00000000 08:01 922886                     /lib/x86_64-linux-gnu/libdl-2.23.so
7fddddf31000-7fddde130000 ---p 00003000 08:01 922886                     /lib/x86_64-linux-gnu/libdl-2.23.so
7fddde130000-7fddde131000 r--p 00002000 08:01 922886                     /lib/x86_64-linux-gnu/libdl-2.23.so
7fddde131000-7fddde132000 rw-p 00003000 08:01 922886                     /lib/x86_64-linux-gnu/libdl-2.23.so
7fddde132000-7fddde14b000 r-xp 00000000 08:01 923053                     /lib/x86_64-linux-gnu/libz.so.1.2.8
7fddde14b000-7fddde34a000 ---p 00019000 08:01 923053                     /lib/x86_64-linux-gnu/libz.so.1.2.8
7fddde34a000-7fddde34b000 r--p 00018000 08:01 923053                     /lib/x86_64-linux-gnu/libz.so.1.2.8
7fddde34b000-7fddde34c000 rw-p 00019000 08:01 923053                     /lib/x86_64-linux-gnu/libz.so.1.2.8
7fddde34c000-7fddde50c000 r-xp 00000000 08:01 922862                     /lib/x86_64-linux-gnu/libc-2.23.so
7fddde50c000-7fddde70b000 ---p 001c0000 08:01 922862                     /lib/x86_64-linux-gnu/libc-2.23.so
7fddde70b000-7fddde70f000 r--p 001bf000 08:01 922862                     /lib/x86_64-linux-gnu/libc-2.23.so
7fddde70f000-7fddde711000 rw-p 001c3000 08:01 922862                     /lib/x86_64-linux-gnu/libc-2.23.so
7fddde711000-7fddde715000 rw-p 00000000 00:00 0 
7fddde715000-7fddde722000 r-xp 00000000 08:01 1179683                    /usr/lib/jvm/java-8-openjdk-amd64/jre/lib/amd64/jli/libjli.so
7fddde722000-7fddde922000 ---p 0000d000 08:01 1179683                    /usr/lib/jvm/java-8-openjdk-amd64/jre/lib/amd64/jli/libjli.so
7fddde922000-7fddde923000 r--p 0000d000 08:01 1179683                    /usr/lib/jvm/java-8-openjdk-amd64/jre/lib/amd64/jli/libjli.so
7fddde923000-7fddde924000 rw-p 0000e000 08:01 1179683                    /usr/lib/jvm/java-8-openjdk-amd64/jre/lib/amd64/jli/libjli.so
7fddde924000-7fddde94a000 r-xp 00000000 08:01 922834                     /lib/x86_64-linux-gnu/ld-2.23.so
7fdddea29000-7fdddea2c000 ---p 00000000 00:00 0 
7fdddea2c000-7fdddeb2f000 rw-p 00000000 00:00 0 
7fdddeb3d000-7fdddeb45000 rw-s 00000000 08:01 282644                     /tmp/hsperfdata_canerbakar/23152
7fdddeb45000-7fdddeb46000 rw-p 00000000 00:00 0 
7fdddeb46000-7fdddeb47000 r--p 00000000 00:00 0 
7fdddeb47000-7fdddeb49000 rw-p 00000000 00:00 0 
7fdddeb49000-7fdddeb4a000 r--p 00025000 08:01 922834                     /lib/x86_64-linux-gnu/ld-2.23.so
7fdddeb4a000-7fdddeb4b000 rw-p 00026000 08:01 922834                     /lib/x86_64-linux-gnu/ld-2.23.so
7fdddeb4b000-7fdddeb4c000 rw-p 00000000 00:00 0 
7ffc4455d000-7ffc4457e000 rw-p 00000000 00:00 0                          [stack]
7ffc44590000-7ffc44592000 r--p 00000000 00:00 0                          [vvar]
7ffc44592000-7ffc44594000 r-xp 00000000 00:00 0                          [vdso]
ffffffffff600000-ffffffffff601000 r-xp 00000000 00:00 0                  [vsyscall]

VM Arguments:
java_command: NewJFrame
java_class_path (initial): /home/canerbakar/Desktop/caner/prototype/target/classes
Launcher Type: SUN_STANDARD

Environment Variables:
JAVA_HOME=/usr/lib/jvm/java-1.8.0-openjdk-amd64
PATH=/home/canerbakar/bin:/home/canerbakar/.local/bin:/usr/local/sbin:/usr/local/bin:/usr/sbin:/usr/bin:/sbin:/bin:/usr/games:/usr/local/games:/snap/bin
LD_LIBRARY_PATH=/usr/lib/jvm/java-1.8.0-openjdk-amd64/jre/lib/amd64:/usr/lib/jvm/java-1.8.0-openjdk-amd64/jre/lib/i386:
SHELL=/bin/bash
DISPLAY=:0

Signal Handlers:
SIGSEGV: [libjvm.so+0xa65880], sa_mask[0]=11111111011111111101111111111110, sa_flags=SA_RESTART|SA_SIGINFO
SIGBUS: [libjvm.so+0xa65880], sa_mask[0]=11111111011111111101111111111110, sa_flags=SA_RESTART|SA_SIGINFO
SIGFPE: [libjvm.so+0x8af1c0], sa_mask[0]=11111111011111111101111111111110, sa_flags=SA_RESTART|SA_SIGINFO
SIGPIPE: [libjvm.so+0x8af1c0], sa_mask[0]=11111111011111111101111111111110, sa_flags=SA_RESTART|SA_SIGINFO
SIGXFSZ: [libjvm.so+0x8af1c0], sa_mask[0]=11111111011111111101111111111110, sa_flags=SA_RESTART|SA_SIGINFO
SIGILL: [libjvm.so+0x8af1c0], sa_mask[0]=11111111011111111101111111111110, sa_flags=SA_RESTART|SA_SIGINFO
SIGUSR1: SIG_DFL, sa_mask[0]=00000000000000000000000000000000, sa_flags=none
SIGUSR2: [libjvm.so+0x8af070], sa_mask[0]=00100000000000000000000000000000, sa_flags=SA_RESTART|SA_SIGINFO
SIGHUP: SIG_DFL, sa_mask[0]=00000000000000000000000000000000, sa_flags=none
SIGINT: SIG_IGN, sa_mask[0]=00000000000000000000000000000000, sa_flags=none
SIGTERM: SIG_DFL, sa_mask[0]=00000000000000000000000000000000, sa_flags=none
SIGQUIT: SIG_DFL, sa_mask[0]=00000000000000000000000000000000, sa_flags=none


---------------  S Y S T E M  ---------------

OS:DISTRIB_ID=Ubuntu
DISTRIB_RELEASE=16.04
DISTRIB_CODENAME=xenial
DISTRIB_DESCRIPTION="Ubuntu 16.04.1 LTS"

uname:Linux 4.4.0-42-generic #62-Ubuntu SMP Fri Oct 7 23:11:45 UTC 2016 x86_64
libc:glibc 2.23 NPTL 2.23 
rlimit: STACK 8192k, CORE 0k, NPROC 7851, NOFILE 65536, AS infinity
load average:1.47 0.83 0.70

/proc/meminfo:
MemTotal:        2049040 kB
MemFree:           62052 kB
MemAvailable:       6192 kB
Buffers:             408 kB
Cached:             8904 kB
SwapCached:          212 kB
Active:          1159464 kB
Inactive:         390744 kB
Active(anon):    1155968 kB
Inactive(anon):   387284 kB
Active(file):       3496 kB
Inactive(file):     3460 kB
Unevictable:          32 kB
Mlocked:              32 kB
SwapTotal:       1046524 kB
SwapFree:              0 kB
Dirty:                 0 kB
Writeback:             0 kB
AnonPages:       1541016 kB
Mapped:             5964 kB
Shmem:              2072 kB
Slab:              79228 kB
SReclaimable:      32048 kB
SUnreclaim:        47180 kB
KernelStack:       13088 kB
PageTables:        36252 kB
NFS_Unstable:          0 kB
Bounce:                0 kB
WritebackTmp:          0 kB
CommitLimit:     2071044 kB
Committed_AS:    6347996 kB
VmallocTotal:   34359738367 kB
VmallocUsed:           0 kB
VmallocChunk:          0 kB
HardwareCorrupted:     0 kB
AnonHugePages:    585728 kB
CmaTotal:              0 kB
CmaFree:               0 kB
HugePages_Total:       0
HugePages_Free:        0
HugePages_Rsvd:        0
HugePages_Surp:        0
Hugepagesize:       2048 kB
DirectMap4k:      157568 kB
DirectMap2M:     1959936 kB
DirectMap1G:     1048576 kB


CPU:total 2 (1 cores per cpu, 1 threads per core) family 6 model 70 stepping 1, cmov, cx8, fxsr, mmx, sse, sse2, sse3, ssse3, sse4.1, sse4.2, popcnt, avx, avx2, aes, clmul, erms, lzcnt, tsc, tscinvbit, bmi1, bmi2

/proc/cpuinfo:
processor	: 0
vendor_id	: GenuineIntel
cpu family	: 6
model		: 70
model name	: Intel(R) Core(TM) i7-4850HQ CPU @ 2.30GHz
stepping	: 1
microcode	: 0xf
cpu MHz		: 2295.644
cache size	: 6144 KB
physical id	: 0
siblings	: 1
core id		: 0
cpu cores	: 1
apicid		: 0
initial apicid	: 0
fpu		: yes
fpu_exception	: yes
cpuid level	: 13
wp		: yes
flags		: fpu vme de pse tsc msr pae mce cx8 apic sep mtrr pge mca cmov pat pse36 clflush dts mmx fxsr sse sse2 ss syscall nx pdpe1gb rdtscp lm constant_tsc arch_perfmon pebs bts nopl xtopology tsc_reliable nonstop_tsc aperfmperf eagerfpu pni pclmulqdq ssse3 fma cx16 pcid sse4_1 sse4_2 x2apic movbe popcnt tsc_deadline_timer aes xsave avx f16c rdrand hypervisor lahf_lm abm epb fsgsbase tsc_adjust bmi1 avx2 smep bmi2 invpcid xsaveopt dtherm ida arat pln pts
bugs		:
bogomips	: 4591.28
clflush size	: 64
cache_alignment	: 64
address sizes	: 42 bits physical, 48 bits virtual
power management:

processor	: 1
vendor_id	: GenuineIntel
cpu family	: 6
model		: 70
model name	: Intel(R) Core(TM) i7-4850HQ CPU @ 2.30GHz
stepping	: 1
microcode	: 0xf
cpu MHz		: 2295.644
cache size	: 6144 KB
physical id	: 2
siblings	: 1
core id		: 0
cpu cores	: 1
apicid		: 2
initial apicid	: 2
fpu		: yes
fpu_exception	: yes
cpuid level	: 13
wp		: yes
flags		: fpu vme de pse tsc msr pae mce cx8 apic sep mtrr pge mca cmov pat pse36 clflush dts mmx fxsr sse sse2 ss syscall nx pdpe1gb rdtscp lm constant_tsc arch_perfmon pebs bts nopl xtopology tsc_reliable nonstop_tsc aperfmperf eagerfpu pni pclmulqdq ssse3 fma cx16 pcid sse4_1 sse4_2 x2apic movbe popcnt tsc_deadline_timer aes xsave avx f16c rdrand hypervisor lahf_lm abm epb fsgsbase tsc_adjust bmi1 avx2 smep bmi2 invpcid xsaveopt dtherm ida arat pln pts
bugs		:
bogomips	: 4591.28
clflush size	: 64
cache_alignment	: 64
address sizes	: 42 bits physical, 48 bits virtual
power management:



Memory: 4k page, physical 2049040k(61052k free), swap 1046524k(0k free)

vm_info: OpenJDK 64-Bit Server VM (25.111-b14) for linux-amd64 JRE (1.8.0_111-8u111-b14-2ubuntu0.16.04.2-b14), built on Oct 27 2016 18:10:19 by "buildd" with gcc 5.4.0 20160609

time: Mon Nov 21 11:08:00 2016
elapsed time: 0 seconds (0d 0h 0m 0s)

